<?xml version="1.0" encoding="UTF-8"?>
<testsuite name="edu.duke.zg73.battleship.BasicShipTest" tests="2" skipped="0" failures="0" errors="0" timestamp="2024-04-01T20:01:13" hostname="ZXdeMBP-2.lan" time="0.004">
  <properties/>
  <testcase name="test_getCoords()" classname="edu.duke.zg73.battleship.BasicShipTest" time="0.001"/>
  <testcase name="testIsSunk()" classname="edu.duke.zg73.battleship.BasicShipTest" time="0.003"/>
  <system-out><![CDATA[]]></system-out>
  <system-err><![CDATA[]]></system-err>
</testsuite>
