<?xml version="1.0" encoding="UTF-8"?>
<testsuite name="edu.duke.zg73.battleship.PlacementTest" tests="6" skipped="0" failures="0" errors="0" timestamp="2024-04-01T20:01:13" hostname="ZXdeMBP-2.lan" time="0.009">
  <properties/>
  <testcase name="test_Equals()" classname="edu.duke.zg73.battleship.PlacementTest" time="0.001"/>
  <testcase name="test_HashCode()" classname="edu.duke.zg73.battleship.PlacementTest" time="0.001"/>
  <testcase name="test_Constructor_expection()" classname="edu.duke.zg73.battleship.PlacementTest" time="0.001"/>
  <testcase name="test_Constructor()" classname="edu.duke.zg73.battleship.PlacementTest" time="0.001"/>
  <testcase name="test_ToString()" classname="edu.duke.zg73.battleship.PlacementTest" time="0.003"/>
  <testcase name="test_newOrientation()" classname="edu.duke.zg73.battleship.PlacementTest" time="0.001"/>
  <system-out><![CDATA[]]></system-out>
  <system-err><![CDATA[]]></system-err>
</testsuite>
