<?xml version="1.0" encoding="UTF-8"?>
<testsuite name="edu.duke.zg73.battleship.RectangleShipTest" tests="2" skipped="0" failures="0" errors="0" timestamp="2024-04-01T20:01:13" hostname="ZXdeMBP-2.lan" time="0.001">
  <properties/>
  <testcase name="testRectangleShipConstructor()" classname="edu.duke.zg73.battleship.RectangleShipTest" time="0.0"/>
  <testcase name="test_makeCoords()" classname="edu.duke.zg73.battleship.RectangleShipTest" time="0.0"/>
  <system-out><![CDATA[]]></system-out>
  <system-err><![CDATA[]]></system-err>
</testsuite>
