<?xml version="1.0" encoding="UTF-8"?>
<testsuite name="edu.duke.zg73.battleship.BoardTextViewTest" tests="4" skipped="0" failures="0" errors="0" timestamp="2024-04-01T20:01:13" hostname="ZXdeMBP-2.lan" time="0.004">
  <properties/>
  <testcase name="test_invalid_board_size()" classname="edu.duke.zg73.battleship.BoardTextViewTest" time="0.001"/>
  <testcase name="test_displayMyboardWithEnemyNextToIt()" classname="edu.duke.zg73.battleship.BoardTextViewTest" time="0.001"/>
  <testcase name="test_display_with_ships()" classname="edu.duke.zg73.battleship.BoardTextViewTest" time="0.0"/>
  <testcase name="test_display_empty()" classname="edu.duke.zg73.battleship.BoardTextViewTest" time="0.0"/>
  <system-out><![CDATA[]]></system-out>
  <system-err><![CDATA[]]></system-err>
</testsuite>
